<?xml version="1.0" encoding="UTF-8"?>
<!-- Generated by org.testng.reporters.JUnitReportReporter -->
<testsuite skipped="0" hostname="LAPTOP-1R5NMNG1" name="com.testCase.PetCoTest" tests="1" failures="0" timestamp="2020-10-14T15:21:19 IST" time="39.843" errors="0">
  <testcase name="f" time="39.843" classname="com.testCase.PetCoTest"/>
  <system-out/>
</testsuite> <!-- com.testCase.PetCoTest -->
